INFO:remove_stars_with_sextractor:not keeping segmentation images
INFO:remove_stars_with_sextractor:will only write masks (not masked images)
WARNING:remove_stars_with_sextractor:output directory already exists /home/dlcheng/sparcfire-galfit/tmp
INFO:remove_stars_with_sextractor:in directory is: /tmp/SF12830
INFO:remove_stars_with_sextractor:out directory is: /home/dlcheng/sparcfire-galfit/tmp
INFO:remove_stars_with_sextractor:created temporary directory: /home/dlcheng/sparcfire-galfit/tmp/star-rm_tmp_285951316
INFO:remove_stars_with_sextractor:found 7 FITS files in /tmp/SF12830
INFO:remove_stars_with_sextractor:1237658204498296934.fits

INFO:remove_stars_with_sextractor:processing: 1237658204498296934.fits
INFO:fits_rw:reading FITS image information from file /tmp/SF12830/1237658204498296934.fits
INFO:fits_rw:photflam and/or exptime not found in header. Not converting to flux.
INFO:fits_rw:done reading FITS image information from file: /tmp/SF12830/1237658204498296934.fits
INFO:remove_stars_with_sextractor:input image dimensions: (291, 291)
INFO:remove_stars_with_sextractor:segmentation image dimensions (depadded): (291, 291)
INFO:remove_stars_with_sextractor:running SExtractor
INFO:remove_stars_with_sextractor:SExtractor finished
INFO:remove_stars_with_sextractor:reading input and SExtractor-segmentation images
INFO:fits_rw:reading FITS image information from file /home/dlcheng/sparcfire-galfit/tmp/star-rm_tmp_285951316/1237658204498296934_segmentation.fits
INFO:fits_rw:photflam and/or exptime not found in header. Not converting to flux.
INFO:fits_rw:done reading FITS image information from file: /home/dlcheng/sparcfire-galfit/tmp/star-rm_tmp_285951316/1237658204498296934_segmentation.fits
INFO:remove_stars_with_sextractor:removed segmentation image
INFO:remove_stars_with_sextractor:SExtractor found 13 objects
WARNING:remove_stars_with_sextractor:multiple connected components found for object 1; keeping largest (sizes: [49, 2, 7833, 2, 1, 7, 1])
INFO:remove_stars_with_sextractor:segmentation image center is: ctr_r = 146.0, ctr_c = 146.0
INFO:remove_stars_with_sextractor:center object is object 1
INFO:remove_stars_with_sextractor:defragmenting object 1
INFO:remove_stars_with_sextractor:nonzero adjacency proportions: []:[]
INFO:remove_stars_with_sextractor:no (new) object fragments found
INFO:remove_stars_with_sextractor:keeping center object: object 1 (dist from ctrobj = 0.0, size = 7833, border dist stdev = 11.7891)
INFO:remove_stars_with_sextractor:removing: object 2 (dist from ctrobj = 96.1665222414, size = 608, border dist stdev = 1.6815)
INFO:remove_stars_with_sextractor:removing: object 3 (dist from ctrobj = 93.4077084613, size = 17, border dist stdev = 0.2642)
INFO:remove_stars_with_sextractor:removing: object 4 (dist from ctrobj = 92.9731143934, size = 6, border dist stdev = 0.2913)
INFO:remove_stars_with_sextractor:removing: object 5 (dist from ctrobj = 65.9696900099, size = 52, border dist stdev = 0.1334)
INFO:remove_stars_with_sextractor:removing: object 6 (dist from ctrobj = 25.0599281723, size = 15, border dist stdev = 0.2676)
INFO:remove_stars_with_sextractor:removing: object 7 (dist from ctrobj = 25.6124969497, size = 27, border dist stdev = 0.2895)
INFO:remove_stars_with_sextractor:removing: object 8 (dist from ctrobj = 10.6301458127, size = 85, border dist stdev = 0.7808)
INFO:remove_stars_with_sextractor:removing: object 9 (dist from ctrobj = 59.4810894319, size = 27, border dist stdev = 0.7087)
INFO:remove_stars_with_sextractor:removing: object 10 (dist from ctrobj = 37.0, size = 44, border dist stdev = 0.3461)
INFO:remove_stars_with_sextractor:removing: object 11 (dist from ctrobj = 55.2268050859, size = 47, border dist stdev = 0.3550)
INFO:remove_stars_with_sextractor:removing: object 12 (dist from ctrobj = 124.631456703, size = 114, border dist stdev = 1.2087)
INFO:remove_stars_with_sextractor:removing: object 13 (dist from ctrobj = 85.7029754443, size = 47, border dist stdev = 0.3257)
INFO:remove_stars_with_sextractor:1237667781754749028.fits

INFO:remove_stars_with_sextractor:processing: 1237667781754749028.fits
INFO:fits_rw:reading FITS image information from file /tmp/SF12830/1237667781754749028.fits
INFO:fits_rw:photflam and/or exptime not found in header. Not converting to flux.
INFO:fits_rw:done reading FITS image information from file: /tmp/SF12830/1237667781754749028.fits
INFO:remove_stars_with_sextractor:input image dimensions: (102, 102)
INFO:remove_stars_with_sextractor:segmentation image dimensions (depadded): (102, 102)
INFO:remove_stars_with_sextractor:running SExtractor
INFO:remove_stars_with_sextractor:SExtractor finished
INFO:remove_stars_with_sextractor:reading input and SExtractor-segmentation images
INFO:fits_rw:reading FITS image information from file /home/dlcheng/sparcfire-galfit/tmp/star-rm_tmp_285951316/1237667781754749028_segmentation.fits
INFO:fits_rw:photflam and/or exptime not found in header. Not converting to flux.
INFO:fits_rw:done reading FITS image information from file: /home/dlcheng/sparcfire-galfit/tmp/star-rm_tmp_285951316/1237667781754749028_segmentation.fits
INFO:remove_stars_with_sextractor:removed segmentation image
INFO:remove_stars_with_sextractor:SExtractor found 4 objects
INFO:remove_stars_with_sextractor:segmentation image center is: ctr_r = 51.0, ctr_c = 51.0
INFO:remove_stars_with_sextractor:center object is object 1
INFO:remove_stars_with_sextractor:defragmenting object 1
INFO:remove_stars_with_sextractor:nonzero adjacency proportions: [4]:[ 0.59259259]
INFO:remove_stars_with_sextractor:object 4 merged into object 1: sufficient adjacency (0.592592592593 > 0.0) and non-circularity(0.550577664793 > -inf)
INFO:remove_stars_with_sextractor:object fragments found and merged; rerunning defragmentation with merged object
INFO:remove_stars_with_sextractor:nonzero adjacency proportions: []:[]
INFO:remove_stars_with_sextractor:no (new) object fragments found
INFO:remove_stars_with_sextractor:keeping center object: object 1 (dist from ctrobj = 0.0, size = 747, border dist stdev = 1.4553)
INFO:remove_stars_with_sextractor:removing: object 2 (dist from ctrobj = 34.5398320783, size = 23, border dist stdev = 0.5069)
INFO:remove_stars_with_sextractor:removing: object 3 (dist from ctrobj = 27.4590604355, size = 25, border dist stdev = 0.2813)
INFO:remove_stars_with_sextractor:skipping: object 4 (it was merged into another object)
INFO:remove_stars_with_sextractor:1237664093973512232.fits

INFO:remove_stars_with_sextractor:processing: 1237664093973512232.fits
INFO:fits_rw:reading FITS image information from file /tmp/SF12830/1237664093973512232.fits
INFO:fits_rw:photflam and/or exptime not found in header. Not converting to flux.
INFO:fits_rw:done reading FITS image information from file: /tmp/SF12830/1237664093973512232.fits
INFO:remove_stars_with_sextractor:input image dimensions: (164, 164)
INFO:remove_stars_with_sextractor:segmentation image dimensions (depadded): (164, 164)
INFO:remove_stars_with_sextractor:running SExtractor
INFO:remove_stars_with_sextractor:SExtractor finished
INFO:remove_stars_with_sextractor:reading input and SExtractor-segmentation images
INFO:fits_rw:reading FITS image information from file /home/dlcheng/sparcfire-galfit/tmp/star-rm_tmp_285951316/1237664093973512232_segmentation.fits
INFO:fits_rw:photflam and/or exptime not found in header. Not converting to flux.
INFO:fits_rw:done reading FITS image information from file: /home/dlcheng/sparcfire-galfit/tmp/star-rm_tmp_285951316/1237664093973512232_segmentation.fits
INFO:remove_stars_with_sextractor:removed segmentation image
INFO:remove_stars_with_sextractor:SExtractor found 4 objects
WARNING:remove_stars_with_sextractor:multiple connected components found for object 1; keeping largest (sizes: [7, 4156])
INFO:remove_stars_with_sextractor:segmentation image center is: ctr_r = 82.0, ctr_c = 82.0
INFO:remove_stars_with_sextractor:center object is object 1
INFO:remove_stars_with_sextractor:defragmenting object 1
INFO:remove_stars_with_sextractor:nonzero adjacency proportions: [2]:[ 0.08]
INFO:remove_stars_with_sextractor:object 2 merged into object 1: sufficient adjacency (0.08 > 0.0) and non-circularity(0.38155646551 > -inf)
INFO:remove_stars_with_sextractor:object fragments found and merged; rerunning defragmentation with merged object
INFO:remove_stars_with_sextractor:nonzero adjacency proportions: []:[]
INFO:remove_stars_with_sextractor:no (new) object fragments found
INFO:remove_stars_with_sextractor:keeping center object: object 1 (dist from ctrobj = 0.0, size = 4213, border dist stdev = 6.0888)
INFO:remove_stars_with_sextractor:skipping: object 2 (it was merged into another object)
INFO:remove_stars_with_sextractor:removing: object 3 (dist from ctrobj = 36.1386219992, size = 7, border dist stdev = 0.1928)
INFO:remove_stars_with_sextractor:removing: object 4 (dist from ctrobj = 58.6003412959, size = 11, border dist stdev = 0.2613)
INFO:remove_stars_with_sextractor:1237662305650999364.fits

INFO:remove_stars_with_sextractor:processing: 1237662305650999364.fits
INFO:fits_rw:reading FITS image information from file /tmp/SF12830/1237662305650999364.fits
INFO:fits_rw:photflam and/or exptime not found in header. Not converting to flux.
INFO:fits_rw:done reading FITS image information from file: /tmp/SF12830/1237662305650999364.fits
INFO:remove_stars_with_sextractor:input image dimensions: (598, 598)
INFO:remove_stars_with_sextractor:segmentation image dimensions (depadded): (598, 598)
INFO:remove_stars_with_sextractor:running SExtractor
INFO:remove_stars_with_sextractor:SExtractor finished
INFO:remove_stars_with_sextractor:reading input and SExtractor-segmentation images
INFO:fits_rw:reading FITS image information from file /home/dlcheng/sparcfire-galfit/tmp/star-rm_tmp_285951316/1237662305650999364_segmentation.fits
INFO:fits_rw:photflam and/or exptime not found in header. Not converting to flux.
INFO:fits_rw:done reading FITS image information from file: /home/dlcheng/sparcfire-galfit/tmp/star-rm_tmp_285951316/1237662305650999364_segmentation.fits
INFO:remove_stars_with_sextractor:removed segmentation image
INFO:remove_stars_with_sextractor:SExtractor found 53 objects
WARNING:remove_stars_with_sextractor:multiple connected components found for object 1; keeping largest (sizes: [3, 2, 4, 2, 19, 6, 14, 33783, 3, 25, 5, 6, 10, 3, 5, 2, 27, 5, 6, 2, 2, 2, 5, 21, 4, 5, 18, 149, 2, 6, 4, 8, 1, 3, 2, 9, 3, 7, 3, 28, 12, 2, 9, 9, 4, 3, 2, 2, 7, 8, 5, 5, 2, 1, 3, 2, 5, 2, 19, 8])
WARNING:remove_stars_with_sextractor:multiple connected components found for object 25; keeping largest (sizes: [57, 1])
WARNING:remove_stars_with_sextractor:multiple connected components found for object 35; keeping largest (sizes: [222, 2])
WARNING:remove_stars_with_sextractor:multiple connected components found for object 37; keeping largest (sizes: [49, 9, 6, 4, 4])
WARNING:remove_stars_with_sextractor:multiple connected components found for object 43; keeping largest (sizes: [17, 8])
WARNING:remove_stars_with_sextractor:multiple connected components found for object 52; keeping largest (sizes: [4, 4])
INFO:remove_stars_with_sextractor:segmentation image center is: ctr_r = 299.0, ctr_c = 299.0
INFO:remove_stars_with_sextractor:center object is object 1
INFO:remove_stars_with_sextractor:defragmenting object 1
INFO:remove_stars_with_sextractor:nonzero adjacency proportions: []:[]
INFO:remove_stars_with_sextractor:no (new) object fragments found
INFO:remove_stars_with_sextractor:keeping center object: object 1 (dist from ctrobj = 0.0, size = 33783, border dist stdev = 20.5961)
INFO:remove_stars_with_sextractor:removing: object 2 (dist from ctrobj = 160.0, size = 29, border dist stdev = 0.2939)
INFO:remove_stars_with_sextractor:removing: object 3 (dist from ctrobj = 212.849712238, size = 7, border dist stdev = 0.1928)
INFO:remove_stars_with_sextractor:removing: object 4 (dist from ctrobj = 216.148097378, size = 16, border dist stdev = 0.2080)
INFO:remove_stars_with_sextractor:removing: object 5 (dist from ctrobj = 146.9965986, size = 131, border dist stdev = 1.0991)
INFO:remove_stars_with_sextractor:removing: object 6 (dist from ctrobj = 153.0, size = 13, border dist stdev = 0.1598)
INFO:remove_stars_with_sextractor:removing: object 7 (dist from ctrobj = 245.814971066, size = 16, border dist stdev = 0.2080)
INFO:remove_stars_with_sextractor:removing: object 8 (dist from ctrobj = 197.770068514, size = 2, border dist stdev = 0.0000)
INFO:remove_stars_with_sextractor:removing: object 9 (dist from ctrobj = 148.862352527, size = 19, border dist stdev = 0.4491)
INFO:remove_stars_with_sextractor:removing: object 10 (dist from ctrobj = 183.095603443, size = 1, border dist stdev = 0.0000)
INFO:remove_stars_with_sextractor:removing: object 11 (dist from ctrobj = 174.94284781, size = 4, border dist stdev = 0.3189)
INFO:remove_stars_with_sextractor:removing: object 12 (dist from ctrobj = 215.076730494, size = 227, border dist stdev = 0.7202)
INFO:remove_stars_with_sextractor:removing: object 13 (dist from ctrobj = 150.376194925, size = 17, border dist stdev = 0.3007)
INFO:remove_stars_with_sextractor:removing: object 14 (dist from ctrobj = 123.664869708, size = 34, border dist stdev = 0.3040)
INFO:remove_stars_with_sextractor:removing: object 15 (dist from ctrobj = 224.877744564, size = 10, border dist stdev = 0.2365)
INFO:remove_stars_with_sextractor:removing: object 16 (dist from ctrobj = 94.5409963984, size = 17, border dist stdev = 0.3062)
INFO:remove_stars_with_sextractor:removing: object 17 (dist from ctrobj = 87.7268487978, size = 42, border dist stdev = 0.3829)
INFO:remove_stars_with_sextractor:removing: object 18 (dist from ctrobj = 97.9438614718, size = 10, border dist stdev = 0.2603)
INFO:remove_stars_with_sextractor:removing: object 19 (dist from ctrobj = 38.9486841883, size = 152, border dist stdev = 0.5516)
INFO:remove_stars_with_sextractor:removing: object 20 (dist from ctrobj = 122.065556157, size = 10, border dist stdev = 0.2365)
INFO:remove_stars_with_sextractor:removing: object 21 (dist from ctrobj = 103.812330674, size = 48, border dist stdev = 0.6193)
INFO:remove_stars_with_sextractor:removing: object 22 (dist from ctrobj = 140.758658703, size = 9, border dist stdev = 0.2415)
INFO:remove_stars_with_sextractor:removing: object 23 (dist from ctrobj = 89.9444272871, size = 2, border dist stdev = 0.0000)
INFO:remove_stars_with_sextractor:removing: object 24 (dist from ctrobj = 10.4403065089, size = 44, border dist stdev = 0.5632)
INFO:remove_stars_with_sextractor:removing: object 25 (dist from ctrobj = 10.4403065089, size = 57, border dist stdev = 0.6101)
INFO:remove_stars_with_sextractor:removing: object 26 (dist from ctrobj = 159.354949719, size = 31, border dist stdev = 0.5577)
INFO:remove_stars_with_sextractor:removing: object 27 (dist from ctrobj = 87.3670418407, size = 103, border dist stdev = 0.4108)
INFO:remove_stars_with_sextractor:removing: object 28 (dist from ctrobj = 98.6711710684, size = 17, border dist stdev = 0.2140)
INFO:remove_stars_with_sextractor:removing: object 29 (dist from ctrobj = 69.3757882838, size = 22, border dist stdev = 0.2207)
INFO:remove_stars_with_sextractor:removing: object 30 (dist from ctrobj = 166.973051718, size = 15, border dist stdev = 0.3028)
INFO:remove_stars_with_sextractor:removing: object 31 (dist from ctrobj = 170.531522013, size = 15, border dist stdev = 0.3475)
INFO:remove_stars_with_sextractor:removing: object 32 (dist from ctrobj = 63.5137780328, size = 7, border dist stdev = 0.1928)
INFO:remove_stars_with_sextractor:removing: object 33 (dist from ctrobj = 38.9486841883, size = 37, border dist stdev = 0.3643)
INFO:remove_stars_with_sextractor:removing: object 34 (dist from ctrobj = 65.3911308971, size = 7, border dist stdev = 0.1928)
INFO:remove_stars_with_sextractor:removing: object 35 (dist from ctrobj = 35.6931365951, size = 222, border dist stdev = 0.6024)
INFO:remove_stars_with_sextractor:removing: object 36 (dist from ctrobj = 91.2195154558, size = 5, border dist stdev = 0.0000)
INFO:remove_stars_with_sextractor:removing: object 37 (dist from ctrobj = 9.21954445729, size = 49, border dist stdev = 0.6102)
INFO:remove_stars_with_sextractor:removing: object 38 (dist from ctrobj = 118.139747757, size = 10, border dist stdev = 0.2603)
INFO:remove_stars_with_sextractor:removing: object 39 (dist from ctrobj = 73.7563556583, size = 31, border dist stdev = 0.3461)
INFO:remove_stars_with_sextractor:removing: object 40 (dist from ctrobj = 83.934498271, size = 49, border dist stdev = 0.9318)
INFO:remove_stars_with_sextractor:removing: object 41 (dist from ctrobj = 82.2009732302, size = 26, border dist stdev = 0.3227)
INFO:remove_stars_with_sextractor:removing: object 42 (dist from ctrobj = 136.780846612, size = 58, border dist stdev = 0.3140)
INFO:remove_stars_with_sextractor:removing: object 43 (dist from ctrobj = 108.466584716, size = 17, border dist stdev = 0.2140)
INFO:remove_stars_with_sextractor:removing: object 44 (dist from ctrobj = 140.089257261, size = 24, border dist stdev = 0.4114)
INFO:remove_stars_with_sextractor:removing: object 45 (dist from ctrobj = 190.91883092, size = 1, border dist stdev = 0.0000)
INFO:remove_stars_with_sextractor:removing: object 46 (dist from ctrobj = 188.939143642, size = 77, border dist stdev = 0.2437)
INFO:remove_stars_with_sextractor:removing: object 47 (dist from ctrobj = 159.0, size = 19, border dist stdev = 0.2022)
INFO:remove_stars_with_sextractor:removing: object 48 (dist from ctrobj = 182.002747232, size = 32, border dist stdev = 0.3021)
INFO:remove_stars_with_sextractor:removing: object 49 (dist from ctrobj = 128.097619025, size = 2, border dist stdev = 0.0000)
INFO:remove_stars_with_sextractor:removing: object 50 (dist from ctrobj = 138.654246239, size = 26, border dist stdev = 0.2134)
INFO:remove_stars_with_sextractor:removing: object 51 (dist from ctrobj = 278.829697127, size = 7, border dist stdev = 0.1953)
INFO:remove_stars_with_sextractor:removing: object 52 (dist from ctrobj = 150.920508878, size = 4, border dist stdev = 0.0000)
INFO:remove_stars_with_sextractor:removing: object 53 (dist from ctrobj = 166.355042004, size = 53, border dist stdev = 0.8162)
INFO:remove_stars_with_sextractor:1237662239093424322.fits

INFO:remove_stars_with_sextractor:processing: 1237662239093424322.fits
INFO:fits_rw:reading FITS image information from file /tmp/SF12830/1237662239093424322.fits
INFO:fits_rw:photflam and/or exptime not found in header. Not converting to flux.
INFO:fits_rw:done reading FITS image information from file: /tmp/SF12830/1237662239093424322.fits
INFO:remove_stars_with_sextractor:input image dimensions: (106, 106)
INFO:remove_stars_with_sextractor:segmentation image dimensions (depadded): (106, 106)
INFO:remove_stars_with_sextractor:running SExtractor
INFO:remove_stars_with_sextractor:SExtractor finished
INFO:remove_stars_with_sextractor:reading input and SExtractor-segmentation images
INFO:fits_rw:reading FITS image information from file /home/dlcheng/sparcfire-galfit/tmp/star-rm_tmp_285951316/1237662239093424322_segmentation.fits
INFO:fits_rw:photflam and/or exptime not found in header. Not converting to flux.
INFO:fits_rw:done reading FITS image information from file: /home/dlcheng/sparcfire-galfit/tmp/star-rm_tmp_285951316/1237662239093424322_segmentation.fits
INFO:remove_stars_with_sextractor:removed segmentation image
INFO:remove_stars_with_sextractor:SExtractor found 3 objects
WARNING:remove_stars_with_sextractor:multiple connected components found for object 1; keeping largest (sizes: [1208, 5])
INFO:remove_stars_with_sextractor:segmentation image center is: ctr_r = 53.0, ctr_c = 53.0
INFO:remove_stars_with_sextractor:center object is object 1
INFO:remove_stars_with_sextractor:defragmenting object 1
INFO:remove_stars_with_sextractor:nonzero adjacency proportions: []:[]
INFO:remove_stars_with_sextractor:no (new) object fragments found
INFO:remove_stars_with_sextractor:keeping center object: object 1 (dist from ctrobj = 0.0, size = 1208, border dist stdev = 5.7211)
INFO:remove_stars_with_sextractor:removing: object 2 (dist from ctrobj = 18.8679622641, size = 24, border dist stdev = 0.5770)
INFO:remove_stars_with_sextractor:removing: object 3 (dist from ctrobj = 53.2259335287, size = 6, border dist stdev = 0.2913)
INFO:remove_stars_with_sextractor:1237661384387789055.fits

INFO:remove_stars_with_sextractor:processing: 1237661384387789055.fits
INFO:fits_rw:reading FITS image information from file /tmp/SF12830/1237661384387789055.fits
INFO:fits_rw:photflam and/or exptime not found in header. Not converting to flux.
INFO:fits_rw:done reading FITS image information from file: /tmp/SF12830/1237661384387789055.fits
INFO:remove_stars_with_sextractor:input image dimensions: (56, 56)
INFO:remove_stars_with_sextractor:segmentation image dimensions (depadded): (56, 56)
INFO:remove_stars_with_sextractor:running SExtractor
INFO:remove_stars_with_sextractor:SExtractor finished
INFO:remove_stars_with_sextractor:reading input and SExtractor-segmentation images
INFO:fits_rw:reading FITS image information from file /home/dlcheng/sparcfire-galfit/tmp/star-rm_tmp_285951316/1237661384387789055_segmentation.fits
INFO:fits_rw:photflam and/or exptime not found in header. Not converting to flux.
INFO:fits_rw:done reading FITS image information from file: /home/dlcheng/sparcfire-galfit/tmp/star-rm_tmp_285951316/1237661384387789055_segmentation.fits
INFO:remove_stars_with_sextractor:removed segmentation image
INFO:remove_stars_with_sextractor:SExtractor found 1 objects
INFO:remove_stars_with_sextractor:segmentation image center is: ctr_r = 28.0, ctr_c = 28.0
INFO:remove_stars_with_sextractor:center object is object 1
INFO:remove_stars_with_sextractor:defragmenting object 1
INFO:remove_stars_with_sextractor:nonzero adjacency proportions: []:[]
INFO:remove_stars_with_sextractor:no (new) object fragments found
INFO:remove_stars_with_sextractor:keeping center object: object 1 (dist from ctrobj = 0.0, size = 597, border dist stdev = 5.4229)
INFO:remove_stars_with_sextractor:1237660614513131530.fits

INFO:remove_stars_with_sextractor:processing: 1237660614513131530.fits
INFO:fits_rw:reading FITS image information from file /tmp/SF12830/1237660614513131530.fits
INFO:fits_rw:photflam and/or exptime not found in header. Not converting to flux.
INFO:fits_rw:done reading FITS image information from file: /tmp/SF12830/1237660614513131530.fits
INFO:remove_stars_with_sextractor:input image dimensions: (480, 480)
INFO:remove_stars_with_sextractor:segmentation image dimensions (depadded): (480, 480)
INFO:remove_stars_with_sextractor:running SExtractor
INFO:remove_stars_with_sextractor:SExtractor finished
INFO:remove_stars_with_sextractor:reading input and SExtractor-segmentation images
INFO:fits_rw:reading FITS image information from file /home/dlcheng/sparcfire-galfit/tmp/star-rm_tmp_285951316/1237660614513131530_segmentation.fits
INFO:fits_rw:photflam and/or exptime not found in header. Not converting to flux.
INFO:fits_rw:done reading FITS image information from file: /home/dlcheng/sparcfire-galfit/tmp/star-rm_tmp_285951316/1237660614513131530_segmentation.fits
INFO:remove_stars_with_sextractor:removed segmentation image
INFO:remove_stars_with_sextractor:SExtractor found 28 objects
WARNING:remove_stars_with_sextractor:multiple connected components found for object 1; keeping largest (sizes: [2, 2, 14816, 2, 2, 2, 14, 3, 1, 2, 2])
INFO:remove_stars_with_sextractor:segmentation image center is: ctr_r = 240.0, ctr_c = 240.0
INFO:remove_stars_with_sextractor:center object is object 1
INFO:remove_stars_with_sextractor:defragmenting object 1
INFO:remove_stars_with_sextractor:nonzero adjacency proportions: []:[]
INFO:remove_stars_with_sextractor:no (new) object fragments found
INFO:remove_stars_with_sextractor:keeping center object: object 1 (dist from ctrobj = 0.0, size = 14816, border dist stdev = 17.7122)
INFO:remove_stars_with_sextractor:removing: object 2 (dist from ctrobj = 262.611880919, size = 26, border dist stdev = 0.3673)
INFO:remove_stars_with_sextractor:removing: object 3 (dist from ctrobj = 173.349358234, size = 84, border dist stdev = 0.4423)
INFO:remove_stars_with_sextractor:removing: object 4 (dist from ctrobj = 218.497139569, size = 29, border dist stdev = 0.4339)
INFO:remove_stars_with_sextractor:removing: object 5 (dist from ctrobj = 119.920807202, size = 19, border dist stdev = 0.2022)
INFO:remove_stars_with_sextractor:removing: object 6 (dist from ctrobj = 126.732000694, size = 20, border dist stdev = 0.2767)
INFO:remove_stars_with_sextractor:removing: object 7 (dist from ctrobj = 159.862440867, size = 12, border dist stdev = 0.0000)
INFO:remove_stars_with_sextractor:removing: object 8 (dist from ctrobj = 167.621597654, size = 13, border dist stdev = 0.1598)
INFO:remove_stars_with_sextractor:removing: object 9 (dist from ctrobj = 179.877736254, size = 44, border dist stdev = 0.3282)
INFO:remove_stars_with_sextractor:removing: object 10 (dist from ctrobj = 206.390406754, size = 51, border dist stdev = 0.2574)
INFO:remove_stars_with_sextractor:removing: object 11 (dist from ctrobj = 82.7345151675, size = 100, border dist stdev = 1.1967)
INFO:remove_stars_with_sextractor:removing: object 12 (dist from ctrobj = 163.082801055, size = 10, border dist stdev = 0.3491)
INFO:remove_stars_with_sextractor:removing: object 13 (dist from ctrobj = 141.322326615, size = 15, border dist stdev = 0.2914)
INFO:remove_stars_with_sextractor:removing: object 14 (dist from ctrobj = 152.322027297, size = 25, border dist stdev = 0.3408)
INFO:remove_stars_with_sextractor:removing: object 15 (dist from ctrobj = 60.0, size = 9, border dist stdev = 0.2415)
INFO:remove_stars_with_sextractor:removing: object 16 (dist from ctrobj = 144.36758639, size = 49, border dist stdev = 0.6157)
INFO:remove_stars_with_sextractor:removing: object 17 (dist from ctrobj = 64.3272881443, size = 11, border dist stdev = 0.2977)
INFO:remove_stars_with_sextractor:removing: object 18 (dist from ctrobj = 83.1504660239, size = 47, border dist stdev = 0.2885)
INFO:remove_stars_with_sextractor:removing: object 19 (dist from ctrobj = 56.0089278598, size = 367, border dist stdev = 0.5776)
INFO:remove_stars_with_sextractor:removing: object 20 (dist from ctrobj = 32.4499614792, size = 34, border dist stdev = 0.2548)
INFO:remove_stars_with_sextractor:removing: object 21 (dist from ctrobj = 70.8378429937, size = 41, border dist stdev = 0.4671)
INFO:remove_stars_with_sextractor:removing: object 22 (dist from ctrobj = 37.6961536499, size = 21, border dist stdev = 0.1113)
INFO:remove_stars_with_sextractor:removing: object 23 (dist from ctrobj = 156.272198423, size = 27, border dist stdev = 0.4570)
INFO:remove_stars_with_sextractor:removing: object 24 (dist from ctrobj = 191.049731745, size = 50, border dist stdev = 0.2951)
INFO:remove_stars_with_sextractor:removing: object 25 (dist from ctrobj = 156.284996081, size = 216, border dist stdev = 1.3540)
INFO:remove_stars_with_sextractor:removing: object 26 (dist from ctrobj = 93.1933474021, size = 11, border dist stdev = 0.2977)
INFO:remove_stars_with_sextractor:removing: object 27 (dist from ctrobj = 178.24140933, size = 2, border dist stdev = 0.0000)
INFO:remove_stars_with_sextractor:removing: object 28 (dist from ctrobj = 203.924005453, size = 54, border dist stdev = 0.2132)
INFO:remove_stars_with_sextractor:removed temporary directory: /home/dlcheng/sparcfire-galfit/tmp/star-rm_tmp_285951316
INFO:remove_stars_with_sextractor:not keeping segmentation images
INFO:remove_stars_with_sextractor:will only write masks (not masked images)
WARNING:remove_stars_with_sextractor:output directory already exists /home/dlcheng/sparcfire-galfit/tmp
INFO:remove_stars_with_sextractor:in directory is: /tmp/SF10538
INFO:remove_stars_with_sextractor:out directory is: /home/dlcheng/sparcfire-galfit/tmp
INFO:remove_stars_with_sextractor:created temporary directory: /home/dlcheng/sparcfire-galfit/tmp/star-rm_tmp_546408954
INFO:remove_stars_with_sextractor:found 7 FITS files in /tmp/SF10538
INFO:remove_stars_with_sextractor:1237658204498296934.fits

INFO:remove_stars_with_sextractor:processing: 1237658204498296934.fits
INFO:fits_rw:reading FITS image information from file /tmp/SF10538/1237658204498296934.fits
INFO:fits_rw:photflam and/or exptime not found in header. Not converting to flux.
INFO:fits_rw:done reading FITS image information from file: /tmp/SF10538/1237658204498296934.fits
INFO:remove_stars_with_sextractor:input image dimensions: (291, 291)
INFO:remove_stars_with_sextractor:segmentation image dimensions (depadded): (291, 291)
INFO:remove_stars_with_sextractor:running SExtractor
INFO:remove_stars_with_sextractor:SExtractor finished
INFO:remove_stars_with_sextractor:reading input and SExtractor-segmentation images
INFO:fits_rw:reading FITS image information from file /home/dlcheng/sparcfire-galfit/tmp/star-rm_tmp_546408954/1237658204498296934_segmentation.fits
INFO:fits_rw:photflam and/or exptime not found in header. Not converting to flux.
INFO:fits_rw:done reading FITS image information from file: /home/dlcheng/sparcfire-galfit/tmp/star-rm_tmp_546408954/1237658204498296934_segmentation.fits
INFO:remove_stars_with_sextractor:removed segmentation image
INFO:remove_stars_with_sextractor:SExtractor found 13 objects
INFO:remove_stars_with_sextractor:File: 1237658204498296934.fits failed. Encountered Floating Point Error.

INFO:remove_stars_with_sextractor:1237667781754749028.fits

INFO:remove_stars_with_sextractor:processing: 1237667781754749028.fits
INFO:fits_rw:reading FITS image information from file /tmp/SF10538/1237667781754749028.fits
INFO:fits_rw:photflam and/or exptime not found in header. Not converting to flux.
INFO:fits_rw:done reading FITS image information from file: /tmp/SF10538/1237667781754749028.fits
INFO:remove_stars_with_sextractor:input image dimensions: (102, 102)
INFO:remove_stars_with_sextractor:segmentation image dimensions (depadded): (102, 102)
INFO:remove_stars_with_sextractor:running SExtractor
INFO:remove_stars_with_sextractor:SExtractor finished
INFO:remove_stars_with_sextractor:reading input and SExtractor-segmentation images
INFO:fits_rw:reading FITS image information from file /home/dlcheng/sparcfire-galfit/tmp/star-rm_tmp_546408954/1237667781754749028_segmentation.fits
INFO:fits_rw:photflam and/or exptime not found in header. Not converting to flux.
INFO:fits_rw:done reading FITS image information from file: /home/dlcheng/sparcfire-galfit/tmp/star-rm_tmp_546408954/1237667781754749028_segmentation.fits
INFO:remove_stars_with_sextractor:removed segmentation image
INFO:remove_stars_with_sextractor:SExtractor found 4 objects
INFO:remove_stars_with_sextractor:segmentation image center is: ctr_r = 51.0, ctr_c = 51.0
INFO:remove_stars_with_sextractor:center object is object 1
INFO:remove_stars_with_sextractor:defragmenting object 1
INFO:remove_stars_with_sextractor:nonzero adjacency proportions: [4]:[ 0.59259259]
INFO:remove_stars_with_sextractor:object 4 merged into object 1: sufficient adjacency (0.592592592593 > 0.0) and non-circularity(0.550577664793 > -inf)
INFO:remove_stars_with_sextractor:object fragments found and merged; rerunning defragmentation with merged object
INFO:remove_stars_with_sextractor:nonzero adjacency proportions: []:[]
INFO:remove_stars_with_sextractor:no (new) object fragments found
INFO:remove_stars_with_sextractor:keeping center object: object 1 (dist from ctrobj = 0.0, size = 747, border dist stdev = 1.4553)
INFO:remove_stars_with_sextractor:removing: object 2 (dist from ctrobj = 34.5398320783, size = 23, border dist stdev = 0.5069)
INFO:remove_stars_with_sextractor:removing: object 3 (dist from ctrobj = 27.4590604355, size = 25, border dist stdev = 0.2813)
INFO:remove_stars_with_sextractor:skipping: object 4 (it was merged into another object)
INFO:remove_stars_with_sextractor:1237664093973512232.fits

INFO:remove_stars_with_sextractor:processing: 1237664093973512232.fits
INFO:fits_rw:reading FITS image information from file /tmp/SF10538/1237664093973512232.fits
INFO:fits_rw:photflam and/or exptime not found in header. Not converting to flux.
INFO:fits_rw:done reading FITS image information from file: /tmp/SF10538/1237664093973512232.fits
INFO:remove_stars_with_sextractor:input image dimensions: (164, 164)
INFO:remove_stars_with_sextractor:segmentation image dimensions (depadded): (164, 164)
INFO:remove_stars_with_sextractor:running SExtractor
INFO:remove_stars_with_sextractor:SExtractor finished
INFO:remove_stars_with_sextractor:reading input and SExtractor-segmentation images
INFO:fits_rw:reading FITS image information from file /home/dlcheng/sparcfire-galfit/tmp/star-rm_tmp_546408954/1237664093973512232_segmentation.fits
INFO:fits_rw:photflam and/or exptime not found in header. Not converting to flux.
INFO:fits_rw:done reading FITS image information from file: /home/dlcheng/sparcfire-galfit/tmp/star-rm_tmp_546408954/1237664093973512232_segmentation.fits
INFO:remove_stars_with_sextractor:removed segmentation image
INFO:remove_stars_with_sextractor:SExtractor found 4 objects
WARNING:remove_stars_with_sextractor:multiple connected components found for object 1; keeping largest (sizes: [7, 4156])
INFO:remove_stars_with_sextractor:segmentation image center is: ctr_r = 82.0, ctr_c = 82.0
INFO:remove_stars_with_sextractor:center object is object 1
INFO:remove_stars_with_sextractor:defragmenting object 1
INFO:remove_stars_with_sextractor:nonzero adjacency proportions: [2]:[ 0.08]
INFO:remove_stars_with_sextractor:object 2 merged into object 1: sufficient adjacency (0.08 > 0.0) and non-circularity(0.38155646551 > -inf)
INFO:remove_stars_with_sextractor:object fragments found and merged; rerunning defragmentation with merged object
INFO:remove_stars_with_sextractor:nonzero adjacency proportions: []:[]
INFO:remove_stars_with_sextractor:no (new) object fragments found
INFO:remove_stars_with_sextractor:keeping center object: object 1 (dist from ctrobj = 0.0, size = 4213, border dist stdev = 6.0888)
INFO:remove_stars_with_sextractor:skipping: object 2 (it was merged into another object)
INFO:remove_stars_with_sextractor:removing: object 3 (dist from ctrobj = 36.1386219992, size = 7, border dist stdev = 0.1928)
INFO:remove_stars_with_sextractor:removing: object 4 (dist from ctrobj = 58.6003412959, size = 11, border dist stdev = 0.2613)
INFO:remove_stars_with_sextractor:1237662305650999364.fits

INFO:remove_stars_with_sextractor:processing: 1237662305650999364.fits
INFO:fits_rw:reading FITS image information from file /tmp/SF10538/1237662305650999364.fits
INFO:fits_rw:photflam and/or exptime not found in header. Not converting to flux.
INFO:fits_rw:done reading FITS image information from file: /tmp/SF10538/1237662305650999364.fits
INFO:remove_stars_with_sextractor:input image dimensions: (598, 598)
INFO:remove_stars_with_sextractor:segmentation image dimensions (depadded): (598, 598)
INFO:remove_stars_with_sextractor:running SExtractor
INFO:remove_stars_with_sextractor:SExtractor finished
INFO:remove_stars_with_sextractor:reading input and SExtractor-segmentation images
INFO:fits_rw:reading FITS image information from file /home/dlcheng/sparcfire-galfit/tmp/star-rm_tmp_546408954/1237662305650999364_segmentation.fits
INFO:fits_rw:photflam and/or exptime not found in header. Not converting to flux.
INFO:fits_rw:done reading FITS image information from file: /home/dlcheng/sparcfire-galfit/tmp/star-rm_tmp_546408954/1237662305650999364_segmentation.fits
INFO:remove_stars_with_sextractor:removed segmentation image
INFO:remove_stars_with_sextractor:SExtractor found 53 objects
INFO:remove_stars_with_sextractor:File: 1237662305650999364.fits failed. Encountered Floating Point Error.

INFO:remove_stars_with_sextractor:1237662239093424322.fits

INFO:remove_stars_with_sextractor:processing: 1237662239093424322.fits
INFO:fits_rw:reading FITS image information from file /tmp/SF10538/1237662239093424322.fits
INFO:fits_rw:photflam and/or exptime not found in header. Not converting to flux.
INFO:fits_rw:done reading FITS image information from file: /tmp/SF10538/1237662239093424322.fits
INFO:remove_stars_with_sextractor:input image dimensions: (106, 106)
INFO:remove_stars_with_sextractor:segmentation image dimensions (depadded): (106, 106)
INFO:remove_stars_with_sextractor:running SExtractor
INFO:remove_stars_with_sextractor:SExtractor finished
INFO:remove_stars_with_sextractor:reading input and SExtractor-segmentation images
INFO:fits_rw:reading FITS image information from file /home/dlcheng/sparcfire-galfit/tmp/star-rm_tmp_546408954/1237662239093424322_segmentation.fits
INFO:fits_rw:photflam and/or exptime not found in header. Not converting to flux.
INFO:fits_rw:done reading FITS image information from file: /home/dlcheng/sparcfire-galfit/tmp/star-rm_tmp_546408954/1237662239093424322_segmentation.fits
INFO:remove_stars_with_sextractor:removed segmentation image
INFO:remove_stars_with_sextractor:SExtractor found 3 objects
WARNING:remove_stars_with_sextractor:multiple connected components found for object 1; keeping largest (sizes: [1208, 5])
INFO:remove_stars_with_sextractor:segmentation image center is: ctr_r = 53.0, ctr_c = 53.0
INFO:remove_stars_with_sextractor:center object is object 1
INFO:remove_stars_with_sextractor:defragmenting object 1
INFO:remove_stars_with_sextractor:nonzero adjacency proportions: []:[]
INFO:remove_stars_with_sextractor:no (new) object fragments found
INFO:remove_stars_with_sextractor:keeping center object: object 1 (dist from ctrobj = 0.0, size = 1208, border dist stdev = 5.7211)
INFO:remove_stars_with_sextractor:removing: object 2 (dist from ctrobj = 18.8679622641, size = 24, border dist stdev = 0.5770)
INFO:remove_stars_with_sextractor:removing: object 3 (dist from ctrobj = 53.2259335287, size = 6, border dist stdev = 0.2913)
INFO:remove_stars_with_sextractor:1237661384387789055.fits

INFO:remove_stars_with_sextractor:processing: 1237661384387789055.fits
INFO:fits_rw:reading FITS image information from file /tmp/SF10538/1237661384387789055.fits
INFO:fits_rw:photflam and/or exptime not found in header. Not converting to flux.
INFO:fits_rw:done reading FITS image information from file: /tmp/SF10538/1237661384387789055.fits
INFO:remove_stars_with_sextractor:input image dimensions: (56, 56)
INFO:remove_stars_with_sextractor:segmentation image dimensions (depadded): (56, 56)
INFO:remove_stars_with_sextractor:running SExtractor
INFO:remove_stars_with_sextractor:SExtractor finished
INFO:remove_stars_with_sextractor:reading input and SExtractor-segmentation images
INFO:fits_rw:reading FITS image information from file /home/dlcheng/sparcfire-galfit/tmp/star-rm_tmp_546408954/1237661384387789055_segmentation.fits
INFO:fits_rw:photflam and/or exptime not found in header. Not converting to flux.
INFO:fits_rw:done reading FITS image information from file: /home/dlcheng/sparcfire-galfit/tmp/star-rm_tmp_546408954/1237661384387789055_segmentation.fits
INFO:remove_stars_with_sextractor:removed segmentation image
INFO:remove_stars_with_sextractor:SExtractor found 1 objects
INFO:remove_stars_with_sextractor:segmentation image center is: ctr_r = 28.0, ctr_c = 28.0
INFO:remove_stars_with_sextractor:center object is object 1
INFO:remove_stars_with_sextractor:defragmenting object 1
INFO:remove_stars_with_sextractor:nonzero adjacency proportions: []:[]
INFO:remove_stars_with_sextractor:no (new) object fragments found
INFO:remove_stars_with_sextractor:keeping center object: object 1 (dist from ctrobj = 0.0, size = 597, border dist stdev = 5.4229)
INFO:remove_stars_with_sextractor:1237660614513131530.fits

INFO:remove_stars_with_sextractor:processing: 1237660614513131530.fits
INFO:fits_rw:reading FITS image information from file /tmp/SF10538/1237660614513131530.fits
INFO:fits_rw:photflam and/or exptime not found in header. Not converting to flux.
INFO:fits_rw:done reading FITS image information from file: /tmp/SF10538/1237660614513131530.fits
INFO:remove_stars_with_sextractor:input image dimensions: (480, 480)
INFO:remove_stars_with_sextractor:segmentation image dimensions (depadded): (480, 480)
INFO:remove_stars_with_sextractor:running SExtractor
INFO:remove_stars_with_sextractor:SExtractor finished
INFO:remove_stars_with_sextractor:reading input and SExtractor-segmentation images
INFO:fits_rw:reading FITS image information from file /home/dlcheng/sparcfire-galfit/tmp/star-rm_tmp_546408954/1237660614513131530_segmentation.fits
INFO:fits_rw:photflam and/or exptime not found in header. Not converting to flux.
INFO:fits_rw:done reading FITS image information from file: /home/dlcheng/sparcfire-galfit/tmp/star-rm_tmp_546408954/1237660614513131530_segmentation.fits
INFO:remove_stars_with_sextractor:removed segmentation image
INFO:remove_stars_with_sextractor:SExtractor found 28 objects
INFO:remove_stars_with_sextractor:File: 1237660614513131530.fits failed. Encountered Floating Point Error.

INFO:remove_stars_with_sextractor:removed temporary directory: /home/dlcheng/sparcfire-galfit/tmp/star-rm_tmp_546408954
