Enter 'help' for syntax; blank line or 'exit' or 'quit' exits. Wait for MATLAB to start...
------------------------------------------
Setting up environment variables
---
LD_LIBRARY_PATH is .:/pkg/matlab/R2017a/runtime/glnxa64:/pkg/matlab/R2017a/bin/glnxa64:/pkg/matlab/R2017a/sys/os/glnxa64:/pkg/matlab/R2017a/sys/opengl/lib/glnxa64
server run ID is 7370270052165448
No fit settings specified. Using defaults.
applying environment-variable override to "writeSettingsForEveryImage": 0 -> 1
applying environment-variable override to "generateOrientationFieldPdf": 0 -> 1
applying environment-variable override to "lookForBulge": 1 -> 1
28-Nov-2017 00:07:31
server run ID: 7370270052165448
settings recorded to 7370270052165448_settings.txt
ready for next image (in_dir, image_name, image_suffix, starmask_suffix, output_dir):
1>> running with in_dir=/home/dlcheng/sparcfire/galfit/sparcfire_tmp, image_name=1237648702972952683, image_suffix=.png, starmask_suffix=_starmask.png, output_dir=/home/dlcheng/sparcfire/galfit/sparcfire_out
No ellipse-fitting parameters file given, using default.
processing 1237648702972952683 (image 1 of 1, /home/dlcheng/sparcfire/galfit/sparcfire_tmp/1237648702972952683.png)...
star mask found: /home/dlcheng/sparcfire/galfit/sparcfire_tmp/1237648702972952683_starmask.png
                      groupOutputByProcess: 0
                   groupOutputByInputImage: 1
                writeSettingsForEveryImage: 1
               generateOrientationFieldPdf: 1
               sleepSecondsAfterImageWrite: 0
                                    useMex: 1
                 numOrientationFieldLevels: 3
                                  mirrorLR: 0
                   failWhenNoStarmaskFound: 1
                            useSubpixelCtr: 1
             deleteClusterContainingCenter: 1
                            clusSizeCutoff: 150
                           minMinorAxisLen: 0
                       fitUsingNonUsmIVals: 1
                         allowArcBeyond2pi: 1
                            zeroThetaStart: 1
          maxHalfGapFillForUndefinedBounds: 3
    ignoreJaggedBoundaryPixelsDuringMerges: 1
                             paApproxLevel: 0
                   useImageStandardization: 1
                                resizeDims: [256 256]
                                medFiltRad: 1
                            unsharpMaskAmt: 6
                          unsharpMaskSigma: 25
                       useDeProjectStretch: 1
                               fixToCenter: 0
                     useTwoStageCtrFinding: 1
                              lookForBulge: 1
                  ctrDriftThresForStarMask: 2.5000
                             barCandCutoff: 7
                              barDetCutoff: 2
                                    nhSize: 1
                                 stopThres: 0.1500
                         mergeChkMinClusSz: 25
                       balClusWtsInMerging: 1
                             errRatioThres: 2.5000

Warning: Integer operands are required for colon operator when used as index
> In preprocessImage (line 501)
  In findClusterArcs (line 110)
  In batchFindClusterArcs (line 284)
  In findClusterArcsServer (line 79)
Warning: Integer operands are required for colon operator when used as index
> In preprocessImage (line 501)
  In findClusterArcs (line 110)
  In batchFindClusterArcs (line 284)
  In findClusterArcsServer (line 79)
calculating orientation field...
Elapsed time is 6.394269 seconds.
...done calculating orientation field

ans =

  113.5622  113.5133

39664 nonzero orientation field vectors
43994 nonzero image pixels
min_clus_size_for_merge_check = 25
err_ratio_thres = 2.5000
performing clustering...
Time for all clustering steps: 
Elapsed time is 101.416069 seconds.
Time for all optimization steps: 
Elapsed time is 0.606845 seconds.
Time for arc-merging: 
Elapsed time is 23.116721 seconds.
Calculating reprojection...
...done calculating reprojection
> In getGalfitFitQuality (line 25)
  In findClusterArcs (line 385)
  In batchFindClusterArcs (line 284)
  In findClusterArcsServer (line 79)
Warning: Inputs must be character vectors, cell arrays of character vectors, or string arrays.

GALFIT Version 3.0.5 -- Apr. 23, 2013




#  Input menu file: /home/dlcheng/sparcfire/galfit/sparcfire_out/1237648702972952683/1237648702972952683.feedme


================================================================================
# IMAGE and GALFIT CONTROL PARAMETERS
A) /home/dlcheng/sparcfire/galfit/sparcfire_out/1237648702972952683/1237648702972952683_galfit_input.fits      # Input data image (FITS file)
B) /home/dlcheng/sparcfire/galfit/sparcfire_out/1237648702972952683/1237648702972952683_galfit_output.fits      # Output data image block
C) none                # Sigma image name (made from data if blank or "none") 
D)                     # Input PSF image and (optional) diffusion kernel
E) 1                   # PSF fine sampling factor relative to data 
F) none                # Bad pixel mask (FITS image or ASCII coord list)
G) none                # File with parameter constraints (ASCII file) 
H) 1    227  1    227  # Image region to fit (xmin xmax ymin ymax)
I) 40     40           # Size of the convolution box (x y)
J) 22.000              # Magnitude photometric zeropoint 
K) 0.038  0.038        # Plate scale (dx dy)   [arcsec per pixel]
O) regular             # Display type (regular, curses, both)
P) 0                   # Choose: 0=optimize, 1=model, 2=imgblock, 3=subcomps

# INITIAL FITTING PARAMETERS
#
#   For component type, the allowed functions are: 
#       sersic, expdisk, edgedisk, devauc, king, nuker, psf, 
#       gaussian, moffat, ferrer, and sky. 
#  
#   Hidden parameters will only appear when they're specified:
#       Bn (n=integer, Bending Modes).
#       C0 (diskyness/boxyness), 
#       Fn (n=integer, Azimuthal Fourier Modes).
#       R0-R10 (coordinate rotation, for creating spiral structures).
#       To, Ti, T0-T10 (truncation function).
# 
# ------------------------------------------------------------------------------
#   par)    par value(s)    fit toggle(s)    # parameter description 
# ------------------------------------------------------------------------------

# Component number: 1
 0) sersic                 #  Component type
 1) 113.5622 114.4867 0 0  #  Position x, y
 3) 12.0000     1          #  Integrated magnitude 
 4) 27.5989     1          #  R_e (effective radius)   [pix]
 5) 1.0000      1          #  Sersic index n (de Vaucouleurs n=4) 
 6) 0.0000      0          #     ----- 
 7) 0.0000      0          #     ----- 
 8) 0.0000      0          #     ----- 
 9) 0.6918      1          #  Axis ratio (b/a)  
10) 15.4597     1          #  Position angle (PA) [deg: Up=0, Left=90]
 Z) 0                      #  Skip this model in output image?  (yes=1, no=0)

# Component number: 2
 0) sky                    #  Component type
 1) 0.000e+00      1       #  Sky background at center of fitting region [ADUs]
 2) 0.000e+00      0       #  dsky/dx (sky gradient in x)     [ADUs/pix]
 3) 0.000e+00      0       #  dsky/dy (sky gradient in y)     [ADUs/pix]
 Z) 0                      #  Skip this model in output image?  (yes=1, no=0)

================================================================================



-- No constraint file found.
-- WARNING: The exposure time header is missing.  Default to 1 second.

-- WARNING: PSF image not found. No convolution performed: 
-- No bad pixel mask image used.
-- No sigma image.  Creating one using: GAIN=7.00, NCOMBINE=1.0.

-- Estimating the sky mean and RMS to generate an internal sigma image.  This
   estimate won't work right if the product ADUxGAIN has a unit other than 
   [electrons] (e.g. MJy/sr or e-/sec). To turn off this feature, start by:   
                 galfit -noskyest <filename>  
   For other options, do:  
                 galfit -help  

   Est'd sky mean = 0.11, RMS = 0.16 ADUs.  (Are these fairly reasonable?)

================================================================================
Initial parameters:
 sersic    : ( [113.56], [114.49])  12.00     27.60    1.00    0.69    15.46
 sky       : [114.00, 114.00]  0.00e+00  [0.00e+00]  [0.00e+00]
================================================================================

Iteration : 1     Chi2nu: 1.010e+00     dChi2/Chi2: -1.92e+22   alamda: 1e-03     
 sersic    : ( [113.56], [114.49])  12.81     27.90    0.85    0.68    15.54
 sky       : [114.00, 114.00]  9.59e-02  [0.00e+00]  [0.00e+00]
COUNTDOWN = 99 

Iteration : 2     Chi2nu: 8.291e-01     dChi2/Chi2: -2.19e-01   alamda: 1e-04     
 sersic    : ( [113.56], [114.49])  13.36     27.62    0.58    0.66    15.69
 sky       : [114.00, 114.00]  1.00e-01  [0.00e+00]  [0.00e+00]
COUNTDOWN = 98 

Iteration : 3     Chi2nu: 8.198e-01     dChi2/Chi2: -1.14e-02   alamda: 1e-05     
 sersic    : ( [113.56], [114.49])  13.53     28.48    0.46    0.64    16.12
 sky       : [114.00, 114.00]  9.89e-02  [0.00e+00]  [0.00e+00]
COUNTDOWN = 97 

Iteration : 4     Chi2nu: 8.197e-01     dChi2/Chi2: -1.05e-04   alamda: 1e-06     
 sersic    : ( [113.56], [114.49])  13.54     28.89    0.46    0.63    16.18
 sky       : [114.00, 114.00]  9.87e-02  [0.00e+00]  [0.00e+00]
COUNTDOWN = 96 

Iteration : 5     Chi2nu: 8.197e-01     dChi2/Chi2: -1.61e-06   alamda: 1e-07     
 sersic    : ( [113.56], [114.49])  13.54     28.95    0.45    0.63    16.10
 sky       : [114.00, 114.00]  9.87e-02  [0.00e+00]  [0.00e+00]
COUNTDOWN = 10 

Iteration : 6     Chi2nu: 8.197e-01     dChi2/Chi2: -6.33e-08   alamda: 1e-08     
 sersic    : ( [113.56], [114.49])  13.54     28.96    0.45    0.63    16.10
 sky       : [114.00, 114.00]  9.87e-02  [0.00e+00]  [0.00e+00]
COUNTDOWN = 9 

Iteration : 7     Chi2nu: 8.197e-01     dChi2/Chi2: 1.87e-08    alamda: 1e-09     
 sersic    : ( [113.56], [114.49])  13.54     28.96    0.45    0.63    16.09
 sky       : [114.00, 114.00]  9.87e-02  [0.00e+00]  [0.00e+00]
COUNTDOWN = 8 

Iteration : 8     Chi2nu: 8.197e-01     dChi2/Chi2: 1.87e-08    alamda: 1e-08     
 sersic    : ( [113.56], [114.49])  13.54     28.96    0.45    0.63    16.09
 sky       : [114.00, 114.00]  9.87e-02  [0.00e+00]  [0.00e+00]
COUNTDOWN = 7 

Iteration : 9     Chi2nu: 8.197e-01     dChi2/Chi2: 1.87e-08    alamda: 1e-07     
 sersic    : ( [113.56], [114.49])  13.54     28.96    0.45    0.63    16.09
 sky       : [114.00, 114.00]  9.87e-02  [0.00e+00]  [0.00e+00]
COUNTDOWN = 6 

Iteration : 10    Chi2nu: 8.197e-01     dChi2/Chi2: 1.87e-08    alamda: 1e-06     
 sersic    : ( [113.56], [114.49])  13.54     28.96    0.45    0.63    16.09
 sky       : [114.00, 114.00]  9.87e-02  [0.00e+00]  [0.00e+00]
COUNTDOWN = 5 

Iteration : 11    Chi2nu: 8.197e-01     dChi2/Chi2: 1.87e-08    alamda: 1e-05     
 sersic    : ( [113.56], [114.49])  13.54     28.96    0.45    0.63    16.09
 sky       : [114.00, 114.00]  9.87e-02  [0.00e+00]  [0.00e+00]
COUNTDOWN = 4 

Iteration : 12    Chi2nu: 8.197e-01     dChi2/Chi2: 1.87e-08    alamda: 1e-04     
 sersic    : ( [113.56], [114.49])  13.54     28.96    0.45    0.63    16.09
 sky       : [114.00, 114.00]  9.87e-02  [0.00e+00]  [0.00e+00]
COUNTDOWN = 3 

Iteration : 13    Chi2nu: 8.197e-01     dChi2/Chi2: 1.87e-08    alamda: 1e-03     
 sersic    : ( [113.56], [114.49])  13.54     28.96    0.45    0.63    16.09
 sky       : [114.00, 114.00]  9.87e-02  [0.00e+00]  [0.00e+00]
COUNTDOWN = 2 

Iteration : 14    Chi2nu: 8.197e-01     dChi2/Chi2: 1.87e-08    alamda: 1e-02     
 sersic    : ( [113.56], [114.49])  13.54     28.96    0.45    0.63    16.09
 sky       : [114.00, 114.00]  9.87e-02  [0.00e+00]  [0.00e+00]
COUNTDOWN = 1 

Iteration : 15    Chi2nu: 8.197e-01     dChi2/Chi2: 1.65e-08    alamda: 1e-03     
 sersic    : ( [113.56], [114.49])  13.54     28.96    0.45    0.63    16.09
 sky       : [114.00, 114.00]  9.87e-02  [0.00e+00]  [0.00e+00]
COUNTDOWN = 0 


Fit summary is now being saved into `fit.log'.

     truePositives: 658
     precision: 0.17421
     recall: 0.67626
     f1confidence: 0.27705
Total time: 
Elapsed time is 132.357148 seconds.
ready for next image (in_dir, image_name, image_suffix, starmask_suffix, output_dir):
2>> running with in_dir=/home/dlcheng/sparcfire/galfit/sparcfire_tmp, image_name=1237654669752729851, image_suffix=.png, starmask_suffix=_starmask.png, output_dir=/home/dlcheng/sparcfire/galfit/sparcfire_out
No ellipse-fitting parameters file given, using default.
processing 1237654669752729851 (image 1 of 1, /home/dlcheng/sparcfire/galfit/sparcfire_tmp/1237654669752729851.png)...
star mask found: /home/dlcheng/sparcfire/galfit/sparcfire_tmp/1237654669752729851_starmask.png
                      groupOutputByProcess: 0
                   groupOutputByInputImage: 1
                writeSettingsForEveryImage: 1
               generateOrientationFieldPdf: 1
               sleepSecondsAfterImageWrite: 0
                                    useMex: 1
                 numOrientationFieldLevels: 3
                                  mirrorLR: 0
                   failWhenNoStarmaskFound: 1
                            useSubpixelCtr: 1
             deleteClusterContainingCenter: 1
                            clusSizeCutoff: 150
                           minMinorAxisLen: 0
                       fitUsingNonUsmIVals: 1
                         allowArcBeyond2pi: 1
                            zeroThetaStart: 1
          maxHalfGapFillForUndefinedBounds: 3
    ignoreJaggedBoundaryPixelsDuringMerges: 1
                             paApproxLevel: 0
                   useImageStandardization: 1
                                resizeDims: [256 256]
                                medFiltRad: 1
                            unsharpMaskAmt: 6
                          unsharpMaskSigma: 25
                       useDeProjectStretch: 1
                               fixToCenter: 0
                     useTwoStageCtrFinding: 1
                              lookForBulge: 1
                  ctrDriftThresForStarMask: 2.5000
                             barCandCutoff: 7
                              barDetCutoff: 2
                                    nhSize: 1
                                 stopThres: 0.1500
                         mergeChkMinClusSz: 25
                       balClusWtsInMerging: 1
                             errRatioThres: 2.5000

calculating orientation field...
Elapsed time is 6.338582 seconds.
...done calculating orientation field

ans =

   52.5179   51.7621

26904 nonzero orientation field vectors
42860 nonzero image pixels
