Enter 'help' for syntax; blank line or 'exit' or 'quit' exits. Wait for MATLAB to start...
server run ID is 7367595864026339
No fit settings specified. Using defaults.
applying environment-variable override to "writeSettingsForEveryImage": 0 -> 1
applying environment-variable override to "generateOrientationFieldPdf": 0 -> 1
applying environment-variable override to "clusSizeCutoff": 150 -> 25
applying environment-variable override to "unsharpMaskAmt": 6 -> 8
applying environment-variable override to "unsharpMaskSigma": 25 -> 20
applying environment-variable override to "lookForBulge": 1 -> 1
applying environment-variable override to "stopThres": 0.15 -> 0.05
applying environment-variable override to "mergeChkMinClusSz": 25 -> 350
applying environment-variable override to "errRatioThres": 2.5 -> 7.5
05-Mar-2017 14:04:25
server run ID: 7367595864026339
settings recorded to 7367595864026339_settings.txt
ready for next image (in_dir, image_name, image_suffix, starmask_suffix, output_dir):
1>> running with in_dir=/home/dlcheng/sparcfire-galfit/tmp, image_name=1237660614513131530, image_suffix=.png, starmask_suffix=_starmask.png, output_dir=/home/dlcheng/sparcfire-galfit/out
No ellipse-fitting parameters file given, using default.
processing 1237660614513131530 (image 1 of 1, /home/dlcheng/sparcfire-galfit/tmp/1237660614513131530.png)...
star mask found: /home/dlcheng/sparcfire-galfit/tmp/1237660614513131530_starmask.png
                      groupOutputByProcess: 0
                   groupOutputByInputImage: 1
                writeSettingsForEveryImage: 1
               generateOrientationFieldPdf: 1
               sleepSecondsAfterImageWrite: 0
                                    useMex: 1
                 numOrientationFieldLevels: 3
                                  mirrorLR: 0
                   failWhenNoStarmaskFound: 1
                            useSubpixelCtr: 1
             deleteClusterContainingCenter: 1
                            clusSizeCutoff: 25
                           minMinorAxisLen: 0
                       fitUsingNonUsmIVals: 1
                         allowArcBeyond2pi: 1
                            zeroThetaStart: 1
          maxHalfGapFillForUndefinedBounds: 3
    ignoreJaggedBoundaryPixelsDuringMerges: 1
                             paApproxLevel: 0
                   useImageStandardization: 1
                                resizeDims: [256 256]
                                medFiltRad: 1
                            unsharpMaskAmt: 8
                          unsharpMaskSigma: 20
                       useDeProjectStretch: 1
                               fixToCenter: 0
                     useTwoStageCtrFinding: 1
                              lookForBulge: 1
                  ctrDriftThresForStarMask: 2.5000
                             barCandCutoff: 7
                              barDetCutoff: 2
                                    nhSize: 1
                                 stopThres: 0.0500
                         mergeChkMinClusSz: 350
                       balClusWtsInMerging: 1
                             errRatioThres: 7.5000

calculating orientation field...
Elapsed time is 9.994593 seconds.
...done calculating orientation field

ans =

  240.5711  240.6355

20864 nonzero orientation field vectors
45015 nonzero image pixels
min_clus_size_for_merge_check = 350
err_ratio_thres = 7.5000
performing clustering...
Time for all clustering steps: 
Elapsed time is 31.459903 seconds.
Time for all optimization steps: 
Elapsed time is 0.190148 seconds.
Time for arc-merging: 
Elapsed time is 5.540738 seconds.
Calculating reprojection...
...done calculating reprojection
Total time: 
Elapsed time is 38.447174 seconds.
ready for next image (in_dir, image_name, image_suffix, starmask_suffix, output_dir):
2>> running with in_dir=/home/dlcheng/sparcfire-galfit/tmp, image_name=1237658204498296934, image_suffix=.png, starmask_suffix=_starmask.png, output_dir=/home/dlcheng/sparcfire-galfit/out
No ellipse-fitting parameters file given, using default.
processing 1237658204498296934 (image 1 of 1, /home/dlcheng/sparcfire-galfit/tmp/1237658204498296934.png)...
star mask found: /home/dlcheng/sparcfire-galfit/tmp/1237658204498296934_starmask.png
                      groupOutputByProcess: 0
                   groupOutputByInputImage: 1
                writeSettingsForEveryImage: 1
               generateOrientationFieldPdf: 1
               sleepSecondsAfterImageWrite: 0
                                    useMex: 1
                 numOrientationFieldLevels: 3
                                  mirrorLR: 0
                   failWhenNoStarmaskFound: 1
                            useSubpixelCtr: 1
             deleteClusterContainingCenter: 1
                            clusSizeCutoff: 25
                           minMinorAxisLen: 0
                       fitUsingNonUsmIVals: 1
                         allowArcBeyond2pi: 1
                            zeroThetaStart: 1
          maxHalfGapFillForUndefinedBounds: 3
    ignoreJaggedBoundaryPixelsDuringMerges: 1
                             paApproxLevel: 0
                   useImageStandardization: 1
                                resizeDims: [256 256]
                                medFiltRad: 1
                            unsharpMaskAmt: 8
                          unsharpMaskSigma: 20
                       useDeProjectStretch: 1
                               fixToCenter: 0
                     useTwoStageCtrFinding: 1
                              lookForBulge: 1
                  ctrDriftThresForStarMask: 2.5000
                             barCandCutoff: 7
                              barDetCutoff: 2
                                    nhSize: 1
                                 stopThres: 0.0500
                         mergeChkMinClusSz: 350
                       balClusWtsInMerging: 1
                             errRatioThres: 7.5000

calculating orientation field...
Elapsed time is 9.949900 seconds.
...done calculating orientation field

ans =

  145.2609  146.5794

25971 nonzero orientation field vectors
50210 nonzero image pixels
min_clus_size_for_merge_check = 350
err_ratio_thres = 7.5000
performing clustering...
Time for all clustering steps: 
Elapsed time is 24.815086 seconds.
Time for all optimization steps: 
Elapsed time is 0.318074 seconds.
Warning:idInnerOuterSpiral:longest sgl-rev region length (4) is below the minimum length (5)
Warning:idInnerOuterSpiral:longest sgl-rev region length (4) is below the minimum length (5)
Warning:idInnerOuterSpiral:longest sgl-rev region length (1) is below the minimum length (5)
Warning:idInnerOuterSpiral:longest sgl-rev region length (1) is below the minimum length (5)
Warning:idInnerOuterSpiral:longest sgl-rev region length (4) is below the minimum length (5)
Warning:idInnerOuterSpiral:longest sgl-rev region length (4) is below the minimum length (5)
Warning:idInnerOuterSpiral:longest sgl-rev region length (1) is below the minimum length (5)
Warning:idInnerOuterSpiral:longest sgl-rev region length (1) is below the minimum length (5)
Warning:idInnerOuterSpiral:longest sgl-rev region length (4) is below the minimum length (5)
Warning:idInnerOuterSpiral:longest sgl-rev region length (4) is below the minimum length (5)
Warning:idInnerOuterSpiral:longest sgl-rev region length (1) is below the minimum length (5)
Warning:idInnerOuterSpiral:longest sgl-rev region length (1) is below the minimum length (5)
Warning:idInnerOuterSpiral:longest sgl-rev region length (4) is below the minimum length (5)
Warning:idInnerOuterSpiral:longest sgl-rev region length (4) is below the minimum length (5)
Time for arc-merging: 
Elapsed time is 50.420939 seconds.
Calculating reprojection...
...done calculating reprojection
Total time: 
Elapsed time is 76.486984 seconds.
ready for next image (in_dir, image_name, image_suffix, starmask_suffix, output_dir):
3>> running with in_dir=/home/dlcheng/sparcfire-galfit/tmp, image_name=1237667781754749028, image_suffix=.png, starmask_suffix=_starmask.png, output_dir=/home/dlcheng/sparcfire-galfit/out
No ellipse-fitting parameters file given, using default.
processing 1237667781754749028 (image 1 of 1, /home/dlcheng/sparcfire-galfit/tmp/1237667781754749028.png)...
star mask found: /home/dlcheng/sparcfire-galfit/tmp/1237667781754749028_starmask.png
                      groupOutputByProcess: 0
                   groupOutputByInputImage: 1
                writeSettingsForEveryImage: 1
               generateOrientationFieldPdf: 1
               sleepSecondsAfterImageWrite: 0
                                    useMex: 1
                 numOrientationFieldLevels: 3
                                  mirrorLR: 0
                   failWhenNoStarmaskFound: 1
                            useSubpixelCtr: 1
             deleteClusterContainingCenter: 1
                            clusSizeCutoff: 25
                           minMinorAxisLen: 0
                       fitUsingNonUsmIVals: 1
                         allowArcBeyond2pi: 1
                            zeroThetaStart: 1
          maxHalfGapFillForUndefinedBounds: 3
    ignoreJaggedBoundaryPixelsDuringMerges: 1
                             paApproxLevel: 0
                   useImageStandardization: 1
                                resizeDims: [256 256]
                                medFiltRad: 1
                            unsharpMaskAmt: 8
                          unsharpMaskSigma: 20
                       useDeProjectStretch: 1
                               fixToCenter: 0
                     useTwoStageCtrFinding: 1
                              lookForBulge: 1
                  ctrDriftThresForStarMask: 2.5000
                             barCandCutoff: 7
                              barDetCutoff: 2
                                    nhSize: 1
                                 stopThres: 0.0500
                         mergeChkMinClusSz: 350
                       balClusWtsInMerging: 1
                             errRatioThres: 7.5000

calculating orientation field...
Elapsed time is 9.948417 seconds.
...done calculating orientation field

ans =

   51.0552   51.5407

18511 nonzero orientation field vectors
56723 nonzero image pixels
min_clus_size_for_merge_check = 350
err_ratio_thres = 7.5000
performing clustering...
Time for all clustering steps: 
Elapsed time is 18.705542 seconds.
Time for all optimization steps: 
Elapsed time is 0.315680 seconds.
Time for arc-merging: 
Elapsed time is 7.407398 seconds.
Calculating reprojection...
...done calculating reprojection
Total time: 
Elapsed time is 27.279878 seconds.
ready for next image (in_dir, image_name, image_suffix, starmask_suffix, output_dir):
4>> running with in_dir=/home/dlcheng/sparcfire-galfit/tmp, image_name=1237662305650999364, image_suffix=.png, starmask_suffix=_starmask.png, output_dir=/home/dlcheng/sparcfire-galfit/out
No ellipse-fitting parameters file given, using default.
processing 1237662305650999364 (image 1 of 1, /home/dlcheng/sparcfire-galfit/tmp/1237662305650999364.png)...
star mask found: /home/dlcheng/sparcfire-galfit/tmp/1237662305650999364_starmask.png
                      groupOutputByProcess: 0
                   groupOutputByInputImage: 1
                writeSettingsForEveryImage: 1
               generateOrientationFieldPdf: 1
               sleepSecondsAfterImageWrite: 0
                                    useMex: 1
                 numOrientationFieldLevels: 3
                                  mirrorLR: 0
                   failWhenNoStarmaskFound: 1
                            useSubpixelCtr: 1
             deleteClusterContainingCenter: 1
                            clusSizeCutoff: 25
                           minMinorAxisLen: 0
                       fitUsingNonUsmIVals: 1
                         allowArcBeyond2pi: 1
                            zeroThetaStart: 1
          maxHalfGapFillForUndefinedBounds: 3
    ignoreJaggedBoundaryPixelsDuringMerges: 1
                             paApproxLevel: 0
                   useImageStandardization: 1
                                resizeDims: [256 256]
                                medFiltRad: 1
                            unsharpMaskAmt: 8
                          unsharpMaskSigma: 20
                       useDeProjectStretch: 1
                               fixToCenter: 0
                     useTwoStageCtrFinding: 1
                              lookForBulge: 1
                  ctrDriftThresForStarMask: 2.5000
                             barCandCutoff: 7
                              barDetCutoff: 2
                                    nhSize: 1
                                 stopThres: 0.0500
                         mergeChkMinClusSz: 350
                       balClusWtsInMerging: 1
                             errRatioThres: 7.5000

calculating orientation field...
Elapsed time is 9.886736 seconds.
...done calculating orientation field

ans =

  299.2349  299.3832

19356 nonzero orientation field vectors
51325 nonzero image pixels
min_clus_size_for_merge_check = 350
err_ratio_thres = 7.5000
performing clustering...
Time for all clustering steps: 
Elapsed time is 33.690448 seconds.
Time for all optimization steps: 
Elapsed time is 0.291101 seconds.
Time for arc-merging: 
Elapsed time is 17.924275 seconds.
Calculating reprojection...
...done calculating reprojection
Total time: 
Elapsed time is 52.860606 seconds.
ready for next image (in_dir, image_name, image_suffix, starmask_suffix, output_dir):
5>> running with in_dir=/home/dlcheng/sparcfire-galfit/tmp, image_name=1237661384387789055, image_suffix=.png, starmask_suffix=_starmask.png, output_dir=/home/dlcheng/sparcfire-galfit/out
No ellipse-fitting parameters file given, using default.
processing 1237661384387789055 (image 1 of 1, /home/dlcheng/sparcfire-galfit/tmp/1237661384387789055.png)...
star mask found: /home/dlcheng/sparcfire-galfit/tmp/1237661384387789055_starmask.png
                      groupOutputByProcess: 0
                   groupOutputByInputImage: 1
                writeSettingsForEveryImage: 1
               generateOrientationFieldPdf: 1
               sleepSecondsAfterImageWrite: 0
                                    useMex: 1
                 numOrientationFieldLevels: 3
                                  mirrorLR: 0
                   failWhenNoStarmaskFound: 1
                            useSubpixelCtr: 1
             deleteClusterContainingCenter: 1
                            clusSizeCutoff: 25
                           minMinorAxisLen: 0
                       fitUsingNonUsmIVals: 1
                         allowArcBeyond2pi: 1
                            zeroThetaStart: 1
          maxHalfGapFillForUndefinedBounds: 3
    ignoreJaggedBoundaryPixelsDuringMerges: 1
                             paApproxLevel: 0
                   useImageStandardization: 1
                                resizeDims: [256 256]
                                medFiltRad: 1
                            unsharpMaskAmt: 8
                          unsharpMaskSigma: 20
                       useDeProjectStretch: 1
                               fixToCenter: 0
                     useTwoStageCtrFinding: 1
                              lookForBulge: 1
                  ctrDriftThresForStarMask: 2.5000
                             barCandCutoff: 7
                              barDetCutoff: 2
                                    nhSize: 1
                                 stopThres: 0.0500
                         mergeChkMinClusSz: 350
                       balClusWtsInMerging: 1
                             errRatioThres: 7.5000

calculating orientation field...
Elapsed time is 9.969491 seconds.
...done calculating orientation field

ans =

   28.3820   28.4246

6143 nonzero orientation field vectors
58635 nonzero image pixels
min_clus_size_for_merge_check = 350
err_ratio_thres = 7.5000
performing clustering...
Time for all clustering steps: 
Elapsed time is 14.472237 seconds.
Time for all optimization steps: 
Elapsed time is 0.170027 seconds.
Time for arc-merging: 
Elapsed time is 2.250535 seconds.
Calculating reprojection...
...done calculating reprojection
Total time: 
Elapsed time is 17.528642 seconds.
ready for next image (in_dir, image_name, image_suffix, starmask_suffix, output_dir):
6>> running with in_dir=/home/dlcheng/sparcfire-galfit/tmp, image_name=1237664093973512232, image_suffix=.png, starmask_suffix=_starmask.png, output_dir=/home/dlcheng/sparcfire-galfit/out
No ellipse-fitting parameters file given, using default.
processing 1237664093973512232 (image 1 of 1, /home/dlcheng/sparcfire-galfit/tmp/1237664093973512232.png)...
star mask found: /home/dlcheng/sparcfire-galfit/tmp/1237664093973512232_starmask.png
                      groupOutputByProcess: 0
                   groupOutputByInputImage: 1
                writeSettingsForEveryImage: 1
               generateOrientationFieldPdf: 1
               sleepSecondsAfterImageWrite: 0
                                    useMex: 1
                 numOrientationFieldLevels: 3
                                  mirrorLR: 0
                   failWhenNoStarmaskFound: 1
                            useSubpixelCtr: 1
             deleteClusterContainingCenter: 1
                            clusSizeCutoff: 25
                           minMinorAxisLen: 0
                       fitUsingNonUsmIVals: 1
                         allowArcBeyond2pi: 1
                            zeroThetaStart: 1
          maxHalfGapFillForUndefinedBounds: 3
    ignoreJaggedBoundaryPixelsDuringMerges: 1
                             paApproxLevel: 0
                   useImageStandardization: 1
                                resizeDims: [256 256]
                                medFiltRad: 1
                            unsharpMaskAmt: 8
                          unsharpMaskSigma: 20
                       useDeProjectStretch: 1
                               fixToCenter: 0
                     useTwoStageCtrFinding: 1
                              lookForBulge: 1
                  ctrDriftThresForStarMask: 2.5000
                             barCandCutoff: 7
                              barDetCutoff: 2
                                    nhSize: 1
                                 stopThres: 0.0500
                         mergeChkMinClusSz: 350
                       balClusWtsInMerging: 1
                             errRatioThres: 7.5000

calculating orientation field...
Elapsed time is 9.946549 seconds.
...done calculating orientation field

ans =

   61.9241   84.8024

13103 nonzero orientation field vectors
50508 nonzero image pixels
min_clus_size_for_merge_check = 350
err_ratio_thres = 7.5000
performing clustering...
Time for all clustering steps: 
Elapsed time is 19.033114 seconds.
Time for all optimization steps: 
Elapsed time is 0.117899 seconds.
Time for arc-merging: 
Elapsed time is 0.848024 seconds.
Calculating reprojection...
...done calculating reprojection
Total time: 
Elapsed time is 20.649510 seconds.
ready for next image (in_dir, image_name, image_suffix, starmask_suffix, output_dir):
7>> running with in_dir=/home/dlcheng/sparcfire-galfit/tmp, image_name=1237654880741294238, image_suffix=.png, starmask_suffix=_starmask.png, output_dir=/home/dlcheng/sparcfire-galfit/out
No ellipse-fitting parameters file given, using default.
processing 1237654880741294238 (image 1 of 1, /home/dlcheng/sparcfire-galfit/tmp/1237654880741294238.png)...
star mask found: /home/dlcheng/sparcfire-galfit/tmp/1237654880741294238_starmask.png
                      groupOutputByProcess: 0
                   groupOutputByInputImage: 1
                writeSettingsForEveryImage: 1
               generateOrientationFieldPdf: 1
               sleepSecondsAfterImageWrite: 0
                                    useMex: 1
                 numOrientationFieldLevels: 3
                                  mirrorLR: 0
                   failWhenNoStarmaskFound: 1
                            useSubpixelCtr: 1
             deleteClusterContainingCenter: 1
                            clusSizeCutoff: 25
                           minMinorAxisLen: 0
                       fitUsingNonUsmIVals: 1
                         allowArcBeyond2pi: 1
                            zeroThetaStart: 1
          maxHalfGapFillForUndefinedBounds: 3
    ignoreJaggedBoundaryPixelsDuringMerges: 1
                             paApproxLevel: 0
                   useImageStandardization: 1
                                resizeDims: [256 256]
                                medFiltRad: 1
                            unsharpMaskAmt: 8
                          unsharpMaskSigma: 20
                       useDeProjectStretch: 1
                               fixToCenter: 0
                     useTwoStageCtrFinding: 1
                              lookForBulge: 1
                  ctrDriftThresForStarMask: 2.5000
                             barCandCutoff: 7
                              barDetCutoff: 2
                                    nhSize: 1
                                 stopThres: 0.0500
                         mergeChkMinClusSz: 350
                       balClusWtsInMerging: 1
                             errRatioThres: 7.5000

padding detected in input image (rows: 0, 0; cols: 1, 0)
input padding will be replaced with replicated values to avoid unsharp-mask artifacts.
calculating orientation field...
Elapsed time is 9.949045 seconds.
...done calculating orientation field
padding detected in input image (rows: 0, 0; cols: 1, 0)
input padding will be replaced with replicated values to avoid unsharp-mask artifacts.

ans =

   64.6478   65.2718

28116 nonzero orientation field vectors
48443 nonzero image pixels
min_clus_size_for_merge_check = 350
err_ratio_thres = 7.5000
performing clustering...
Time for all clustering steps: 
Elapsed time is 22.222690 seconds.
Time for all optimization steps: 
Elapsed time is 0.409145 seconds.
Warning:idInnerOuterSpiral:longest sgl-rev region length (3) is below the minimum length (5)
Warning:idInnerOuterSpiral:longest sgl-rev region length (3) is below the minimum length (5)
Time for arc-merging: 
Elapsed time is 46.445569 seconds.
Calculating reprojection...
...done calculating reprojection
Total time: 
Elapsed time is 69.988246 seconds.
ready for next image (in_dir, image_name, image_suffix, starmask_suffix, output_dir):
8>> running with in_dir=/home/dlcheng/sparcfire-galfit/tmp, image_name=1237662302443274294, image_suffix=.png, starmask_suffix=_starmask.png, output_dir=/home/dlcheng/sparcfire-galfit/out
No ellipse-fitting parameters file given, using default.
processing 1237662302443274294 (image 1 of 1, /home/dlcheng/sparcfire-galfit/tmp/1237662302443274294.png)...
star mask found: /home/dlcheng/sparcfire-galfit/tmp/1237662302443274294_starmask.png
                      groupOutputByProcess: 0
                   groupOutputByInputImage: 1
                writeSettingsForEveryImage: 1
               generateOrientationFieldPdf: 1
               sleepSecondsAfterImageWrite: 0
                                    useMex: 1
                 numOrientationFieldLevels: 3
                                  mirrorLR: 0
                   failWhenNoStarmaskFound: 1
                            useSubpixelCtr: 1
             deleteClusterContainingCenter: 1
                            clusSizeCutoff: 25
                           minMinorAxisLen: 0
                       fitUsingNonUsmIVals: 1
                         allowArcBeyond2pi: 1
                            zeroThetaStart: 1
          maxHalfGapFillForUndefinedBounds: 3
    ignoreJaggedBoundaryPixelsDuringMerges: 1
                             paApproxLevel: 0
                   useImageStandardization: 1
                                resizeDims: [256 256]
                                medFiltRad: 1
                            unsharpMaskAmt: 8
                          unsharpMaskSigma: 20
                       useDeProjectStretch: 1
                               fixToCenter: 0
                     useTwoStageCtrFinding: 1
                              lookForBulge: 1
                  ctrDriftThresForStarMask: 2.5000
                             barCandCutoff: 7
                              barDetCutoff: 2
                                    nhSize: 1
                                 stopThres: 0.0500
                         mergeChkMinClusSz: 350
                       balClusWtsInMerging: 1
                             errRatioThres: 7.5000

calculating orientation field...
Elapsed time is 9.927012 seconds.
...done calculating orientation field

ans =

   71.9691   72.3403

39429 nonzero orientation field vectors
38492 nonzero image pixels
min_clus_size_for_merge_check = 350
err_ratio_thres = 7.5000
performing clustering...
Time for all clustering steps: 
Elapsed time is 29.380751 seconds.
Time for all optimization steps: 
Elapsed time is 0.253273 seconds.
Time for arc-merging: 
Elapsed time is 8.265427 seconds.
Calculating reprojection...
...done calculating reprojection
Total time: 
Elapsed time is 38.662061 seconds.
ready for next image (in_dir, image_name, image_suffix, starmask_suffix, output_dir):
9>> running with in_dir=/home/dlcheng/sparcfire-galfit/tmp, image_name=1237662239093424322, image_suffix=.png, starmask_suffix=_starmask.png, output_dir=/home/dlcheng/sparcfire-galfit/out
No ellipse-fitting parameters file given, using default.
processing 1237662239093424322 (image 1 of 1, /home/dlcheng/sparcfire-galfit/tmp/1237662239093424322.png)...
star mask found: /home/dlcheng/sparcfire-galfit/tmp/1237662239093424322_starmask.png
                      groupOutputByProcess: 0
                   groupOutputByInputImage: 1
                writeSettingsForEveryImage: 1
               generateOrientationFieldPdf: 1
               sleepSecondsAfterImageWrite: 0
                                    useMex: 1
                 numOrientationFieldLevels: 3
                                  mirrorLR: 0
                   failWhenNoStarmaskFound: 1
                            useSubpixelCtr: 1
             deleteClusterContainingCenter: 1
                            clusSizeCutoff: 25
                           minMinorAxisLen: 0
                       fitUsingNonUsmIVals: 1
                         allowArcBeyond2pi: 1
                            zeroThetaStart: 1
          maxHalfGapFillForUndefinedBounds: 3
    ignoreJaggedBoundaryPixelsDuringMerges: 1
                             paApproxLevel: 0
                   useImageStandardization: 1
                                resizeDims: [256 256]
                                medFiltRad: 1
                            unsharpMaskAmt: 8
                          unsharpMaskSigma: 20
                       useDeProjectStretch: 1
                               fixToCenter: 0
                     useTwoStageCtrFinding: 1
                              lookForBulge: 1
                  ctrDriftThresForStarMask: 2.5000
                             barCandCutoff: 7
                              barDetCutoff: 2
                                    nhSize: 1
                                 stopThres: 0.0500
                         mergeChkMinClusSz: 350
                       balClusWtsInMerging: 1
                             errRatioThres: 7.5000

calculating orientation field...
Elapsed time is 9.920458 seconds.
...done calculating orientation field

ans =

   44.4082   54.1597

16220 nonzero orientation field vectors
58431 nonzero image pixels
min_clus_size_for_merge_check = 350
err_ratio_thres = 7.5000
performing clustering...
Time for all clustering steps: 
Elapsed time is 19.063202 seconds.
Time for all optimization steps: 
Elapsed time is 0.219062 seconds.
Time for arc-merging: 
Elapsed time is 1.363800 seconds.
Calculating reprojection...
...done calculating reprojection
Total time: 
Elapsed time is 21.434335 seconds.
ready for next image (in_dir, image_name, image_suffix, starmask_suffix, output_dir):
10>> Exiting...
