-----------------------------------------------------------------------------

Input image     : /home/wschallo/SDSS/G.out/1237648702967054406_g/1237648702967054406_g_galfit_input.fits[1:189,1:189] 
Init. par. file : /home/wschallo/SDSS/G.out/1237648702967054406_g/1237648702967054406_g.feedme 
Restart file    : galfit.01 
Output image    : /home/wschallo/SDSS/G.out/1237648702967054406_g/1237648702967054406_g_galfit_output.fits 

 sersic    : (  [95.07],  [94.97])  14.57     20.35    0.48    0.65    -8.90
             (   [0.00],   [0.00])   0.01      0.23    0.01    0.01     0.99
 sky       : [ 95.00,  95.00]  7.80e-02  [0.00e+00]  [0.00e+00]
                                4.17e-04  [0.00e+00]  [0.00e+00]
 Chi^2 = 27984.71460,  ndof = 35715
 Chi^2/nu = 0.784 

-----------------------------------------------------------------------------
-----------------------------------------------------------------------------

Input image     : /home/wschallo/SDSS/G.out/1237648702967251093_g/1237648702967251093_g_galfit_input.fits[1:129,1:129] 
Init. par. file : /home/wschallo/SDSS/G.out/1237648702967251093_g/1237648702967251093_g.feedme 
Restart file    : galfit.02 
Output image    : /home/wschallo/SDSS/G.out/1237648702967251093_g/1237648702967251093_g_galfit_output.fits 

 sersic    : (  [65.12],  [64.47])  15.80     13.66    0.53    0.65    48.45
             (   [0.00],   [0.00])   0.02      0.31    0.03    0.01     1.91
 sky       : [ 65.00,  65.00]  7.45e-02  [0.00e+00]  [0.00e+00]
                                6.16e-04  [0.00e+00]  [0.00e+00]
 Chi^2 = 13200.31275,  ndof = 16635
 Chi^2/nu = 0.794 

-----------------------------------------------------------------------------
-----------------------------------------------------------------------------

Input image     : /home/wschallo/SDSS/G.out/1237648702966988820_g/1237648702966988820_g_galfit_input.fits[1:303,1:303] 
Init. par. file : /home/wschallo/SDSS/G.out/1237648702966988820_g/1237648702966988820_g.feedme 
Restart file    : galfit.03 
Output image    : /home/wschallo/SDSS/G.out/1237648702966988820_g/1237648702966988820_g_galfit_output.fits 

 sersic    : ( [151.52], [152.44])  13.32     40.15    0.68    0.55   -46.70
             (   [0.00],   [0.00])   0.01      0.22    0.01    0.00     0.31
 sky       : [152.00, 152.00]  3.41e-02  [0.00e+00]  [0.00e+00]
                                1.32e-04  [0.00e+00]  [0.00e+00]
 Chi^2 = 58299.97776,  ndof = 91803
 Chi^2/nu = 0.635 

-----------------------------------------------------------------------------
